<testsuites><testsuite name="1-swagger" tests="3" failures="0" skipped="0"><testcase classname="1-swagger" name="GET /openapi.json" time="0.195" /><testcase classname="1-swagger" name="GET /healthz /readyz" time="0.021" /><testcase classname="1-swagger" name="Swagger UI renders" time="0.800" /></testsuite><testsuite name="2-langfuse" tests="1" failures="0" skipped="0"><testcase classname="2-langfuse" name="Langfuse login page" time="0.813" /></testsuite><testsuite name="3-minio" tests="1" failures="0" skipped="0"><testcase classname="3-minio" name="MinIO Console loads" time="1.005" /></testsuite><testsuite name="4-webui" tests="3" failures="0" skipped="0"><testcase classname="4-webui" name="WebUI 首页可达" time="0.628" /><testcase classname="4-webui" name="侧栏或登录表单渲染" time="12.589" /><testcase classname="4-webui" name="登录 → sidebar" time="2.904" /></testsuite><testsuite name="5-journey" tests="8" failures="0" skipped="0"><testcase classname="5-journey" name="注册 + 登录" time="0.117" /><testcase classname="5-journey" name="创建 KB" time="0.363" /><testcase classname="5-journey" name="搜索 KB（空）" time="0.070" /><testcase classname="5-journey" name="查询/切换 KB 存储后端" time="0.053" /><testcase classname="5-journey" name="新建图像数据源" time="0.025" /><testcase classname="5-journey" name="新建 SQL 数据源（sqlite）" time="0.044" /><testcase classname="5-journey" name="拒绝未知 kind" time="0.006" /><testcase classname="5-journey" name="删除 KB" time="0.050" /></testsuite></testsuites>